<?xml version="1.0" encoding="UTF-8"?>
<robot generator="Robot 6.1.1 (Python 3.11.2 on win32)" generated="20230914 13:39:55.332" rpa="false" schemaversion="4">
<suite id="s1" name="HelloWorld" source="C:\Users\salduair\Desktop\Robot Projects\Section 5 Assignment\Assignment\HelloWorld.robot">
<test id="s1-t1" name="TC01" line="2">
<kw name="Log To Console" library="BuiltIn">
<arg>Hello World</arg>
<doc>Logs the given message to the console.</doc>
<status status="PASS" starttime="20230914 13:39:55.347" endtime="20230914 13:39:55.347"/>
</kw>
<status status="PASS" starttime="20230914 13:39:55.347" endtime="20230914 13:39:55.348"/>
</test>
<status status="PASS" starttime="20230914 13:39:55.333" endtime="20230914 13:39:55.349"/>
</suite>
<statistics>
<total>
<stat pass="1" fail="0" skip="0">All Tests</stat>
</total>
<tag>
</tag>
<suite>
<stat pass="1" fail="0" skip="0" id="s1" name="HelloWorld">HelloWorld</stat>
</suite>
</statistics>
<errors>
</errors>
</robot>
