<?xml version="1.0" encoding="UTF-8"?>
<robot generator="Robot 6.1.1 (Python 3.11.2 on win32)" generated="20230914 13:11:58.528" rpa="false" schemaversion="4">
<suite id="s1" name="TestSuite01" source="C:\Users\salduair\Desktop\Robot Projects\Demo\TestSuite01.robot">
<test id="s1-t1" name="TC01" line="13">
<kw name="Should Be Equal" library="BuiltIn">
<arg>${var1}</arg>
<arg>${var2}</arg>
<doc>Fails if the given objects are unequal.</doc>
<status status="PASS" starttime="20230914 13:11:58.874" endtime="20230914 13:11:58.874"/>
</kw>
<doc>This is my first test case. It is used to compare 2 variables.
*This will be in bold*
_This will be in italic._
Link is http://www.google.com</doc>
<status status="PASS" starttime="20230914 13:11:58.874" endtime="20230914 13:11:58.874"/>
</test>
<test id="s1-t2" name="TC03" line="26">
<kw name="Should Be Equal As Strings" library="BuiltIn">
<arg>${Credentials}[username]</arg>
<arg>${Credentials}[password]</arg>
<doc>Fails if objects are unequal after converting them to strings.</doc>
<status status="PASS" starttime="20230914 13:11:58.874" endtime="20230914 13:11:58.874"/>
</kw>
<status status="PASS" starttime="20230914 13:11:58.874" endtime="20230914 13:11:58.874"/>
</test>
<test id="s1-t3" name="TC05" line="34">
<kw name="Should Be Equal As Integers" library="BuiltIn">
<arg>4</arg>
<arg>4</arg>
<doc>Fails if objects are unequal after converting them to integers.</doc>
<status status="PASS" starttime="20230914 13:11:58.874" endtime="20230914 13:11:58.874"/>
</kw>
<kw name="Should Be Equal As Integers" library="BuiltIn">
<arg>5</arg>
<arg>5</arg>
<doc>Fails if objects are unequal after converting them to integers.</doc>
<status status="PASS" starttime="20230914 13:11:58.874" endtime="20230914 13:11:58.874"/>
</kw>
<kw name="Should Be Equal As Integers" library="BuiltIn">
<arg>6</arg>
<arg>6</arg>
<doc>Fails if objects are unequal after converting them to integers.</doc>
<status status="PASS" starttime="20230914 13:11:58.874" endtime="20230914 13:11:58.874"/>
</kw>
<kw name="Should Be Equal As Integers" library="BuiltIn">
<arg>7</arg>
<arg>7</arg>
<doc>Fails if objects are unequal after converting them to integers.</doc>
<status status="PASS" starttime="20230914 13:11:58.874" endtime="20230914 13:11:58.874"/>
</kw>
<kw name="Should Be Equal As Integers" library="BuiltIn">
<arg>8</arg>
<arg>8</arg>
<doc>Fails if objects are unequal after converting them to integers.</doc>
<status status="PASS" starttime="20230914 13:11:58.874" endtime="20230914 13:11:58.874"/>
</kw>
<status status="PASS" starttime="20230914 13:11:58.874" endtime="20230914 13:11:58.874"/>
</test>
<test id="s1-t4" name="TC06" line="42">
<kw name="CompareTwoVariables" library="UserDefinedKeywords">
<kw name="Should Be Equal As Integers" library="BuiltIn">
<arg>${cmp1}</arg>
<arg>${cmp2}</arg>
<doc>Fails if objects are unequal after converting them to integers.</doc>
<status status="PASS" starttime="20230914 13:11:58.874" endtime="20230914 13:11:58.874"/>
</kw>
<status status="PASS" starttime="20230914 13:11:58.874" endtime="20230914 13:11:58.874"/>
</kw>
<status status="PASS" starttime="20230914 13:11:58.874" endtime="20230914 13:11:58.874"/>
</test>
<status status="PASS" starttime="20230914 13:11:58.528" endtime="20230914 13:11:58.874"/>
</suite>
<statistics>
<total>
<stat pass="4" fail="0" skip="0">All Tests</stat>
</total>
<tag>
</tag>
<suite>
<stat pass="4" fail="0" skip="0" id="s1" name="TestSuite01">TestSuite01</stat>
</suite>
</statistics>
<errors>
</errors>
</robot>
